<?xml version="1.0" encoding="utf-8"?><testsuites><testsuite name="pytest" errors="0" failures="0" skipped="49" tests="55" time="1.122" timestamp="2026-03-26T18:21:11.668641+00:00" hostname="21a1bc96273b"><testcase classname="tests.test_auth.TestAuthLogin" name="test_valid_credentials_return_200" time="0.050"><skipped type="pytest.skip" message="Auth endpoint not available on target server">/home/runner/workspace/tests/api/tests/test_auth.py:54: Auth endpoint not available on target server</skipped></testcase><testcase classname="tests.test_auth.TestAuthLogin" name="test_valid_credentials_return_token" time="0.005"><skipped type="pytest.skip" message="Auth endpoint not available on target server">/home/runner/workspace/tests/api/tests/test_auth.py:61: Auth endpoint not available on target server</skipped></testcase><testcase classname="tests.test_auth.TestAuthLogin" name="test_wrong_password_returns_401" time="0.017"><skipped type="pytest.skip" message="Auth endpoint not available on target server">/home/runner/workspace/tests/api/tests/test_auth.py:71: Auth endpoint not available on target server</skipped></testcase><testcase classname="tests.test_auth.TestAuthLogin" name="test_unknown_username_returns_401" time="0.017"><skipped type="pytest.skip" message="Auth endpoint not available on target server">/home/runner/workspace/tests/api/tests/test_auth.py:80: Auth endpoint not available on target server</skipped></testcase><testcase classname="tests.test_auth.TestAuthLogin" name="test_missing_username_returns_422" time="0.017"><skipped type="pytest.skip" message="Auth endpoint not available on target server">/home/runner/workspace/tests/api/tests/test_auth.py:89: Auth endpoint not available on target server</skipped></testcase><testcase classname="tests.test_auth.TestAuthLogin" name="test_missing_password_returns_422" time="0.018"><skipped type="pytest.skip" message="Auth endpoint not available on target server">/home/runner/workspace/tests/api/tests/test_auth.py:98: Auth endpoint not available on target server</skipped></testcase><testcase classname="tests.test_auth.TestAuthLogin" name="test_empty_payload_returns_400_or_422" time="0.018"><skipped type="pytest.skip" message="Auth endpoint not available on target server">/home/runner/workspace/tests/api/tests/test_auth.py:109: Auth endpoint not available on target server</skipped></testcase><testcase classname="tests.test_auth.TestAuthLogin" name="test_response_content_type_is_json" time="0.018"><skipped type="pytest.skip" message="Auth endpoint not available on target server">/home/runner/workspace/tests/api/tests/test_auth.py:120: Auth endpoint not available on target server</skipped></testcase><testcase classname="tests.test_health.TestHealthEndpoint" name="test_healthz_returns_200" time="0.005" /><testcase classname="tests.test_health.TestHealthEndpoint" name="test_healthz_content_type_is_json" time="0.005" /><testcase classname="tests.test_health.TestHealthEndpoint" name="test_healthz_schema_valid" time="0.005" /><testcase classname="tests.test_health.TestHealthEndpoint" name="test_healthz_status_is_ok" time="0.005" /><testcase classname="tests.test_health.TestHealthEndpoint" name="test_healthz_response_time_acceptable" time="0.011" /><testcase classname="tests.test_health.TestHealthEndpoint" name="test_healthz_unauthenticated_still_returns_200" time="0.019" /><testcase classname="tests.test_products.TestGetProducts" name="test_list_products_returns_200" time="0.005"><skipped type="pytest.skip" message="Products endpoint not available on target server">/home/runner/workspace/tests/api/tests/test_products.py:42: Products endpoint not available on target server</skipped></testcase><testcase classname="tests.test_products.TestGetProducts" name="test_list_products_content_type_json" time="0.005"><skipped type="pytest.skip" message="Products endpoint not available on target server">/home/runner/workspace/tests/api/tests/test_products.py:42: Products endpoint not available on target server</skipped></testcase><testcase classname="tests.test_products.TestGetProducts" name="test_list_products_schema_valid" time="0.006"><skipped type="pytest.skip" message="Products endpoint not available on target server">/home/runner/workspace/tests/api/tests/test_products.py:42: Products endpoint not available on target server</skipped></testcase><testcase classname="tests.test_products.TestGetProducts" name="test_list_products_pagination_present" time="0.005"><skipped type="pytest.skip" message="Products endpoint not available on target server">/home/runner/workspace/tests/api/tests/test_products.py:42: Products endpoint not available on target server</skipped></testcase><testcase classname="tests.test_products.TestGetProducts" name="test_list_products_unauthenticated_returns_401" time="0.018"><skipped type="pytest.skip" message="Products endpoint not available on target server">/home/runner/workspace/tests/api/tests/test_products.py:42: Products endpoint not available on target server</skipped></testcase><testcase classname="tests.test_products.TestGetProducts" name="test_list_products_pagination_query_params" time="0.004"><skipped type="pytest.skip" message="Products endpoint not available on target server">/home/runner/workspace/tests/api/tests/test_products.py:42: Products endpoint not available on target server</skipped></testcase><testcase classname="tests.test_products.TestGetSingleProduct" name="test_get_existing_product_returns_200" time="0.004"><skipped type="pytest.skip" message="Products endpoint not available on target server">/home/runner/workspace/tests/api/tests/test_products.py:42: Products endpoint not available on target server</skipped></testcase><testcase classname="tests.test_products.TestGetSingleProduct" name="test_get_nonexistent_product_returns_404" time="0.005"><skipped type="pytest.skip" message="Products endpoint not available on target server">/home/runner/workspace/tests/api/tests/test_products.py:42: Products endpoint not available on target server</skipped></testcase><testcase classname="tests.test_products.TestGetSingleProduct" name="test_get_invalid_product_id_returns_4xx" time="0.006"><skipped type="pytest.skip" message="Products endpoint not available on target server">/home/runner/workspace/tests/api/tests/test_products.py:42: Products endpoint not available on target server</skipped></testcase><testcase classname="tests.test_products.TestCreateProduct" name="test_create_product_returns_201" time="0.005"><skipped type="pytest.skip" message="Products endpoint not available on target server">/home/runner/workspace/tests/api/tests/test_products.py:42: Products endpoint not available on target server</skipped></testcase><testcase classname="tests.test_products.TestCreateProduct" name="test_create_product_schema_valid" time="0.008"><skipped type="pytest.skip" message="Products endpoint not available on target server">/home/runner/workspace/tests/api/tests/test_products.py:42: Products endpoint not available on target server</skipped></testcase><testcase classname="tests.test_products.TestCreateProduct" name="test_create_product_missing_name_returns_422" time="0.005"><skipped type="pytest.skip" message="Products endpoint not available on target server">/home/runner/workspace/tests/api/tests/test_products.py:42: Products endpoint not available on target server</skipped></testcase><testcase classname="tests.test_products.TestCreateProduct" name="test_create_product_missing_price_returns_422" time="0.006"><skipped type="pytest.skip" message="Products endpoint not available on target server">/home/runner/workspace/tests/api/tests/test_products.py:42: Products endpoint not available on target server</skipped></testcase><testcase classname="tests.test_products.TestCreateProduct" name="test_create_product_negative_price_returns_422" time="0.005"><skipped type="pytest.skip" message="Products endpoint not available on target server">/home/runner/workspace/tests/api/tests/test_products.py:42: Products endpoint not available on target server</skipped></testcase><testcase classname="tests.test_products.TestCreateProduct" name="test_create_product_unauthenticated_returns_401" time="0.019"><skipped type="pytest.skip" message="Products endpoint not available on target server">/home/runner/workspace/tests/api/tests/test_products.py:42: Products endpoint not available on target server</skipped></testcase><testcase classname="tests.test_products.TestUpdateProduct" name="test_update_product_returns_200" time="0.005"><skipped type="pytest.skip" message="Products endpoint not available on target server">/home/runner/workspace/tests/api/tests/test_products.py:42: Products endpoint not available on target server</skipped></testcase><testcase classname="tests.test_products.TestUpdateProduct" name="test_update_product_reflects_new_price" time="0.005"><skipped type="pytest.skip" message="Products endpoint not available on target server">/home/runner/workspace/tests/api/tests/test_products.py:42: Products endpoint not available on target server</skipped></testcase><testcase classname="tests.test_products.TestUpdateProduct" name="test_update_nonexistent_product_returns_404" time="0.005"><skipped type="pytest.skip" message="Products endpoint not available on target server">/home/runner/workspace/tests/api/tests/test_products.py:42: Products endpoint not available on target server</skipped></testcase><testcase classname="tests.test_products.TestDeleteProduct" name="test_delete_product_returns_200_or_204" time="0.005"><skipped type="pytest.skip" message="Products endpoint not available on target server">/home/runner/workspace/tests/api/tests/test_products.py:42: Products endpoint not available on target server</skipped></testcase><testcase classname="tests.test_products.TestDeleteProduct" name="test_delete_product_then_get_returns_404" time="0.005"><skipped type="pytest.skip" message="Products endpoint not available on target server">/home/runner/workspace/tests/api/tests/test_products.py:42: Products endpoint not available on target server</skipped></testcase><testcase classname="tests.test_products.TestDeleteProduct" name="test_delete_nonexistent_product_returns_404" time="0.005"><skipped type="pytest.skip" message="Products endpoint not available on target server">/home/runner/workspace/tests/api/tests/test_products.py:42: Products endpoint not available on target server</skipped></testcase><testcase classname="tests.test_users.TestGetUsers" name="test_list_users_returns_200" time="0.007"><skipped type="pytest.skip" message="Users endpoint not available on target server">/home/runner/workspace/tests/api/tests/test_users.py:42: Users endpoint not available on target server</skipped></testcase><testcase classname="tests.test_users.TestGetUsers" name="test_list_users_content_type_json" time="0.005"><skipped type="pytest.skip" message="Users endpoint not available on target server">/home/runner/workspace/tests/api/tests/test_users.py:42: Users endpoint not available on target server</skipped></testcase><testcase classname="tests.test_users.TestGetUsers" name="test_list_users_schema_valid" time="0.005"><skipped type="pytest.skip" message="Users endpoint not available on target server">/home/runner/workspace/tests/api/tests/test_users.py:42: Users endpoint not available on target server</skipped></testcase><testcase classname="tests.test_users.TestGetUsers" name="test_list_users_pagination_fields_present" time="0.006"><skipped type="pytest.skip" message="Users endpoint not available on target server">/home/runner/workspace/tests/api/tests/test_users.py:42: Users endpoint not available on target server</skipped></testcase><testcase classname="tests.test_users.TestGetUsers" name="test_list_users_unauthenticated_returns_401" time="0.025"><skipped type="pytest.skip" message="Users endpoint not available on target server">/home/runner/workspace/tests/api/tests/test_users.py:42: Users endpoint not available on target server</skipped></testcase><testcase classname="tests.test_users.TestGetSingleUser" name="test_get_existing_user_returns_200" time="0.008"><skipped type="pytest.skip" message="Users endpoint not available on target server">/home/runner/workspace/tests/api/tests/test_users.py:42: Users endpoint not available on target server</skipped></testcase><testcase classname="tests.test_users.TestGetSingleUser" name="test_get_nonexistent_user_returns_404" time="0.007"><skipped type="pytest.skip" message="Users endpoint not available on target server">/home/runner/workspace/tests/api/tests/test_users.py:42: Users endpoint not available on target server</skipped></testcase><testcase classname="tests.test_users.TestGetSingleUser" name="test_get_invalid_user_id_returns_4xx" time="0.008"><skipped type="pytest.skip" message="Users endpoint not available on target server">/home/runner/workspace/tests/api/tests/test_users.py:42: Users endpoint not available on target server</skipped></testcase><testcase classname="tests.test_users.TestCreateUser" name="test_create_user_returns_201" time="0.006"><skipped type="pytest.skip" message="Users endpoint not available on target server">/home/runner/workspace/tests/api/tests/test_users.py:42: Users endpoint not available on target server</skipped></testcase><testcase classname="tests.test_users.TestCreateUser" name="test_create_user_response_schema_valid" time="0.007"><skipped type="pytest.skip" message="Users endpoint not available on target server">/home/runner/workspace/tests/api/tests/test_users.py:42: Users endpoint not available on target server</skipped></testcase><testcase classname="tests.test_users.TestCreateUser" name="test_create_user_duplicate_email_returns_409" time="0.006"><skipped type="pytest.skip" message="Users endpoint not available on target server">/home/runner/workspace/tests/api/tests/test_users.py:42: Users endpoint not available on target server</skipped></testcase><testcase classname="tests.test_users.TestCreateUser" name="test_create_user_missing_email_returns_422" time="0.011"><skipped type="pytest.skip" message="Users endpoint not available on target server">/home/runner/workspace/tests/api/tests/test_users.py:42: Users endpoint not available on target server</skipped></testcase><testcase classname="tests.test_users.TestCreateUser" name="test_create_user_empty_body_returns_422" time="0.006"><skipped type="pytest.skip" message="Users endpoint not available on target server">/home/runner/workspace/tests/api/tests/test_users.py:42: Users endpoint not available on target server</skipped></testcase><testcase classname="tests.test_users.TestCreateUser" name="test_create_user_unauthenticated_returns_401" time="0.019"><skipped type="pytest.skip" message="Users endpoint not available on target server">/home/runner/workspace/tests/api/tests/test_users.py:42: Users endpoint not available on target server</skipped></testcase><testcase classname="tests.test_users.TestUpdateUser" name="test_update_user_returns_200" time="0.007"><skipped type="pytest.skip" message="Users endpoint not available on target server">/home/runner/workspace/tests/api/tests/test_users.py:42: Users endpoint not available on target server</skipped></testcase><testcase classname="tests.test_users.TestUpdateUser" name="test_update_user_reflects_changes" time="0.007"><skipped type="pytest.skip" message="Users endpoint not available on target server">/home/runner/workspace/tests/api/tests/test_users.py:42: Users endpoint not available on target server</skipped></testcase><testcase classname="tests.test_users.TestUpdateUser" name="test_update_nonexistent_user_returns_404" time="0.010"><skipped type="pytest.skip" message="Users endpoint not available on target server">/home/runner/workspace/tests/api/tests/test_users.py:42: Users endpoint not available on target server</skipped></testcase><testcase classname="tests.test_users.TestDeleteUser" name="test_delete_user_returns_204_or_200" time="0.007"><skipped type="pytest.skip" message="Users endpoint not available on target server">/home/runner/workspace/tests/api/tests/test_users.py:42: Users endpoint not available on target server</skipped></testcase><testcase classname="tests.test_users.TestDeleteUser" name="test_delete_user_then_get_returns_404" time="0.006"><skipped type="pytest.skip" message="Users endpoint not available on target server">/home/runner/workspace/tests/api/tests/test_users.py:42: Users endpoint not available on target server</skipped></testcase><testcase classname="tests.test_users.TestDeleteUser" name="test_delete_nonexistent_user_returns_404" time="0.007"><skipped type="pytest.skip" message="Users endpoint not available on target server">/home/runner/workspace/tests/api/tests/test_users.py:42: Users endpoint not available on target server</skipped></testcase></testsuite></testsuites>