<?xml version="1.0" encoding="utf-8"?><testsuites><testsuite name="pytest" errors="0" failures="0" skipped="0" tests="11" time="28.437" timestamp="2026-04-08T05:40:08.009001+00:00" hostname="d29337b65d10"><testcase classname="tests.test_checkout.TestCheckoutHappyPath" name="test_full_checkout_flow[chromium]" time="7.281" /><testcase classname="tests.test_checkout.TestCheckoutHappyPath" name="test_order_confirmation_complete_text[chromium]" time="2.100" /><testcase classname="tests.test_checkout.TestCheckoutHappyPath" name="test_back_home_after_order[chromium]" time="2.344" /><testcase classname="tests.test_checkout.TestCheckoutStepOneValidation" name="test_missing_first_name_shows_error[chromium]" time="1.953" /><testcase classname="tests.test_checkout.TestCheckoutStepOneValidation" name="test_missing_last_name_shows_error[chromium]" time="2.104" /><testcase classname="tests.test_checkout.TestCheckoutStepOneValidation" name="test_missing_postal_code_shows_error[chromium]" time="2.058" /><testcase classname="tests.test_checkout.TestCheckoutStepOneValidation" name="test_cancel_returns_to_cart[chromium]" time="1.883" /><testcase classname="tests.test_checkout.TestCheckoutStepTwoSummary" name="test_order_summary_shows_correct_item[chromium]" time="2.029" /><testcase classname="tests.test_checkout.TestCheckoutStepTwoSummary" name="test_order_summary_shows_total[chromium]" time="2.019" /><testcase classname="tests.test_checkout.TestCheckoutStepTwoSummary" name="test_multi_item_checkout_summary[chromium]" time="2.118" /><testcase classname="tests.test_checkout.TestCheckoutStepTwoSummary" name="test_cancel_from_step_two_goes_to_inventory[chromium]" time="2.462" /></testsuite></testsuites>